Using pre-set license
Built from '2020.3/staging' branch; Version is '2020.3.30f1 (1fb1bf06830e) revision 2077119'; Using compiler version '192528614'; Build Type 'Release'
OS: 'Windows 10  (10.0.19044) 64bit Core' Language: 'en' Physical Memory: 16163 MB
BatchMode: 1, IsHumanControllingUs: 0, StartBugReporterOnCrash: 0, Is64bit: 1, IsPro: 0

COMMAND LINE ARGUMENTS:
C:\Program Files\Unity\Hub\Editor\2020.3.30f1\Editor\Unity.exe
-adb2
-batchMode
-noUpm
-name
AssetImportWorker0
-projectPath
C:/Users/nicho/Unity Projects/FinalProject
-logFile
Logs/AssetImportWorker0.log
-srvPort
52174
Successfully changed project path to: C:/Users/nicho/Unity Projects/FinalProject
C:/Users/nicho/Unity Projects/FinalProject
Using Asset Import Pipeline V2.
Refreshing native plugins compatible for Editor in 26.73 ms, found 2 plugins.
Preloading 0 native plugins for Editor in 0.00 ms.
Initialize engine version: 2020.3.30f1 (1fb1bf06830e)
[Subsystems] Discovering subsystems at path C:/Program Files/Unity/Hub/Editor/2020.3.30f1/Editor/Data/Resources/UnitySubsystems
[Subsystems] Discovering subsystems at path C:/Users/nicho/Unity Projects/FinalProject/Assets
GfxDevice: creating device client; threaded=0
Direct3D:
    Version:  Direct3D 11.0 [level 11.1]
    Renderer: NVIDIA GeForce RTX 3050 Ti Laptop GPU (ID=0x25a0)
    Vendor:   
    VRAM:     3990 MB
    Driver:   27.21.14.6275
Initialize mono
Mono path[0] = 'C:/Program Files/Unity/Hub/Editor/2020.3.30f1/Editor/Data/Managed'
Mono path[1] = 'C:/Program Files/Unity/Hub/Editor/2020.3.30f1/Editor/Data/MonoBleedingEdge/lib/mono/unityjit'
Mono config path = 'C:/Program Files/Unity/Hub/Editor/2020.3.30f1/Editor/Data/MonoBleedingEdge/etc'
Using monoOptions --debugger-agent=transport=dt_socket,embedding=1,server=y,suspend=n,address=127.0.0.1:56940
Begin MonoManager ReloadAssembly
Registering precompiled unity dll's ...
Register platform support module: C:/Program Files/Unity/Hub/Editor/2020.3.30f1/Editor/Data/PlaybackEngines/WindowsStandaloneSupport/UnityEditor.WindowsStandalone.Extensions.dll
Registered in 0.001592 seconds.
Native extension for WindowsStandalone target not found
Refreshing native plugins compatible for Editor in 24.99 ms, found 2 plugins.
Preloading 0 native plugins for Editor in 0.00 ms.
Mono: successfully reloaded assembly
- Completed reload, in  0.450 seconds
Domain Reload Profiling:
	ReloadAssembly (451ms)
		BeginReloadAssembly (53ms)
			ExecutionOrderSort (0ms)
			DisableScriptedObjects (0ms)
			BackupInstance (0ms)
			ReleaseScriptingObjects (0ms)
			CreateAndSetChildDomain (1ms)
		EndReloadAssembly (342ms)
			LoadAssemblies (51ms)
			RebuildTransferFunctionScriptingTraits (0ms)
			SetupTypeCache (112ms)
			ReleaseScriptCaches (0ms)
			RebuildScriptCaches (22ms)
			SetupLoadedEditorAssemblies (134ms)
				LogAssemblyErrors (0ms)
				InitializePlatformSupportModulesInManaged (4ms)
				SetLoadedEditorAssemblies (0ms)
				RefreshPlugins (25ms)
				BeforeProcessingInitializeOnLoad (13ms)
				ProcessInitializeOnLoadAttributes (66ms)
				ProcessInitializeOnLoadMethodAttributes (26ms)
				AfterProcessingInitializeOnLoad (0ms)
				EditorAssembliesLoaded (0ms)
			ExecutionOrderSort2 (0ms)
			AwakeInstancesAfterBackupRestoration (0ms)
Platform modules already initialized, skipping
Registering precompiled user dll's ...
Registered in 0.002292 seconds.
Begin MonoManager ReloadAssembly
Native extension for WindowsStandalone target not found
Refreshing native plugins compatible for Editor in 0.30 ms, found 2 plugins.
Preloading 0 native plugins for Editor in 0.00 ms.
Mono: successfully reloaded assembly
- Completed reload, in  0.786 seconds
Domain Reload Profiling:
	ReloadAssembly (787ms)
		BeginReloadAssembly (132ms)
			ExecutionOrderSort (0ms)
			DisableScriptedObjects (4ms)
			BackupInstance (0ms)
			ReleaseScriptingObjects (0ms)
			CreateAndSetChildDomain (17ms)
		EndReloadAssembly (610ms)
			LoadAssemblies (74ms)
			RebuildTransferFunctionScriptingTraits (0ms)
			SetupTypeCache (196ms)
			ReleaseScriptCaches (0ms)
			RebuildScriptCaches (34ms)
			SetupLoadedEditorAssemblies (238ms)
				LogAssemblyErrors (0ms)
				InitializePlatformSupportModulesInManaged (3ms)
				SetLoadedEditorAssemblies (0ms)
				RefreshPlugins (0ms)
				BeforeProcessingInitializeOnLoad (63ms)
				ProcessInitializeOnLoadAttributes (157ms)
				ProcessInitializeOnLoadMethodAttributes (9ms)
				AfterProcessingInitializeOnLoad (5ms)
				EditorAssembliesLoaded (0ms)
			ExecutionOrderSort2 (0ms)
			AwakeInstancesAfterBackupRestoration (5ms)
Platform modules already initialized, skipping
========================================================================
Worker process is ready to serve import requests
Launched and connected shader compiler UnityShaderCompiler.exe after 0.05 seconds
Refreshing native plugins compatible for Editor in 0.29 ms, found 2 plugins.
Preloading 0 native plugins for Editor in 0.00 ms.
Unloading 1505 Unused Serialized files (Serialized files now loaded: 0)
System memory in use before: 67.8 MB.
System memory in use after: 67.9 MB.

Unloading 16 unused Assets to reduce memory usage. Loaded Objects now: 1941.
Total: 2.189100 ms (FindLiveObjects: 0.095500 ms CreateObjectMapping: 0.025800 ms MarkObjects: 2.007900 ms  DeleteObjects: 0.058800 ms)

AssetImportParameters requested are different than current active one (requested -> active):
  custom:framework-win-MediaFoundation: 216162199b28c13a410421893ffa2e32 -> 
  custom:video-decoder-ogg-theora: a1e56fd34408186e4bbccfd4996cb3dc -> 
  custom:container-muxer-webm: aa71ff27fc2769a1b78a27578f13a17b -> 
  custom:container-demuxer-webm: 4f35f7cbe854078d1ac9338744f61a02 -> 
  custom:container-demuxer-ogg: 62fdf1f143b41e24485cea50d1cbac27 -> 
  custom:video-encoder-webm-vp8: eb34c28f22e8b96e1ab97ce403110664 -> 
  custom:video-codec-MediaFoundation-h265: 746d11721c4dcdbdad8f713fa42b33f4 -> 
  custom:video-decoder-webm-vp8: 9c59270c3fd7afecdb556c50c9e8de78 -> 
  custom:audio-decoder-ogg-vorbis: bf7c407c2cedff20999df2af8eb42d56 -> 
  custom:audio-encoder-webm-vorbis: bf7c407c2cedff20999df2af8eb42d56 -> 
========================================================================
Received Import Request.
  path: Assets/FP Player.prefab
  artifactKey: Guid(036a1c6b84e8ca246bb09c3938de7249) Importer(815301076,1909f56bfc062723c751e8b465ee728b)
Start importing Assets/FP Player.prefab using Guid(036a1c6b84e8ca246bb09c3938de7249) Importer(815301076,1909f56bfc062723c751e8b465ee728b)  -> (artifact id: 'd66e8f7d88297235bcce4f4b6e8135e8') in 0.095249 seconds 
========================================================================
Received Import Request.
  Time since last request: 0.743945 seconds.
  path: Assets/Scripts
  artifactKey: Guid(c7871afeeacb5c54c89a81e36ecef3cc) Importer(815301076,1909f56bfc062723c751e8b465ee728b)
Start importing Assets/Scripts using Guid(c7871afeeacb5c54c89a81e36ecef3cc) Importer(815301076,1909f56bfc062723c751e8b465ee728b)  -> (artifact id: 'f315018da3cb2c3e1398eeda5d59b608') in 0.005530 seconds 
========================================================================
Received Import Request.
  Time since last request: 0.654452 seconds.
  path: Assets/Scripts/AI
  artifactKey: Guid(7a7510caed9db284088f87b5344ed5b1) Importer(815301076,1909f56bfc062723c751e8b465ee728b)
Start importing Assets/Scripts/AI using Guid(7a7510caed9db284088f87b5344ed5b1) Importer(815301076,1909f56bfc062723c751e8b465ee728b)  -> (artifact id: '6ec2193b752ecad4d832e5ccf20755e0') in 0.006419 seconds 
========================================================================
Received Import Request.
  Time since last request: 0.494079 seconds.
  path: Assets/Scripts/AI/AIController.cs
  artifactKey: Guid(c7ede5971f562d0488255421ad9e78ed) Importer(815301076,1909f56bfc062723c751e8b465ee728b)
Start importing Assets/Scripts/AI/AIController.cs using Guid(c7ede5971f562d0488255421ad9e78ed) Importer(815301076,1909f56bfc062723c751e8b465ee728b)  -> (artifact id: '1a889bf2bdc2158a333f5edf4071a694') in 0.033976 seconds 
========================================================================
Received Prepare
Refreshing native plugins compatible for Editor in 3.14 ms, found 2 plugins.
Preloading 0 native plugins for Editor in 0.00 ms.
Unloading 9 Unused Serialized files (Serialized files now loaded: 0)
System memory in use before: 41.2 MB.
System memory in use after: 41.3 MB.

Unloading 10 unused Assets to reduce memory usage. Loaded Objects now: 1949.
Total: 2.842200 ms (FindLiveObjects: 0.133200 ms CreateObjectMapping: 0.027100 ms MarkObjects: 2.656500 ms  DeleteObjects: 0.024700 ms)

AssetImportParameters requested are different than current active one (requested -> active):
  custom:framework-win-MediaFoundation: 216162199b28c13a410421893ffa2e32 -> 
  custom:video-decoder-ogg-theora: a1e56fd34408186e4bbccfd4996cb3dc -> 
  custom:container-muxer-webm: aa71ff27fc2769a1b78a27578f13a17b -> 
  custom:container-demuxer-webm: 4f35f7cbe854078d1ac9338744f61a02 -> 
  custom:container-demuxer-ogg: 62fdf1f143b41e24485cea50d1cbac27 -> 
  custom:video-encoder-webm-vp8: eb34c28f22e8b96e1ab97ce403110664 -> 
  custom:video-codec-MediaFoundation-h265: 746d11721c4dcdbdad8f713fa42b33f4 -> 
  custom:video-decoder-webm-vp8: 9c59270c3fd7afecdb556c50c9e8de78 -> 
  custom:audio-decoder-ogg-vorbis: bf7c407c2cedff20999df2af8eb42d56 -> 
  custom:audio-encoder-webm-vorbis: bf7c407c2cedff20999df2af8eb42d56 -> 
========================================================================
Received Import Request.
  Time since last request: 74.094212 seconds.
  path: Assets/Assets
  artifactKey: Guid(0f13c2aacf04d9040b2c1130efb4ed50) Importer(815301076,1909f56bfc062723c751e8b465ee728b)
Start importing Assets/Assets using Guid(0f13c2aacf04d9040b2c1130efb4ed50) Importer(815301076,1909f56bfc062723c751e8b465ee728b)  -> (artifact id: 'bbe58a89db9cc71e612bc64896a53238') in 0.011449 seconds 
========================================================================
Received Import Request.
  Time since last request: 0.855380 seconds.
  path: Assets/Assets/Weapons
  artifactKey: Guid(9c42f1b0865ab2744abc54e06f9ac6f0) Importer(815301076,1909f56bfc062723c751e8b465ee728b)
Start importing Assets/Assets/Weapons using Guid(9c42f1b0865ab2744abc54e06f9ac6f0) Importer(815301076,1909f56bfc062723c751e8b465ee728b)  -> (artifact id: '30e2dfe49672e23ba980d59e9448002d') in 0.005207 seconds 
========================================================================
Received Import Request.
  Time since last request: 0.061741 seconds.
  path: Assets/Assets/Weapons/DubstepGun.fbx
  artifactKey: Guid(96f6e55b8a3f0ca4da527038401527ff) Importer(815301076,1909f56bfc062723c751e8b465ee728b)
Start importing Assets/Assets/Weapons/DubstepGun.fbx using Guid(96f6e55b8a3f0ca4da527038401527ff) Importer(815301076,1909f56bfc062723c751e8b465ee728b)  -> (artifact id: 'fb77472b71efdc7b9d17e098a82e348c') in 0.209937 seconds 
========================================================================
Received Import Request.
  Time since last request: 2973.152700 seconds.
  path: Assets/Assets/Weapons/pistol.fbx
  artifactKey: Guid(b9fd2842667dc3740b021ca9ff5b5ef3) Importer(815301076,1909f56bfc062723c751e8b465ee728b)
Start importing Assets/Assets/Weapons/pistol.fbx using Guid(b9fd2842667dc3740b021ca9ff5b5ef3) Importer(815301076,1909f56bfc062723c751e8b465ee728b)  -> (artifact id: 'fbfe43a1d0bdf88a7ae4da7e38706af8') in 0.122094 seconds 
========================================================================
Received Import Request.
  Time since last request: 0.000145 seconds.
  path: Assets/Assets/Weapons/shotgun.fbx
  artifactKey: Guid(a2856cb93a20c144db5f4156cf95e632) Importer(815301076,1909f56bfc062723c751e8b465ee728b)
Start importing Assets/Assets/Weapons/shotgun.fbx using Guid(a2856cb93a20c144db5f4156cf95e632) Importer(815301076,1909f56bfc062723c751e8b465ee728b)  -> (artifact id: 'a34a583f2d98f4ef627531bc3b62e7e0') in 0.143811 seconds 
========================================================================
Received Import Request.
  Time since last request: 0.000178 seconds.
  path: Assets/Assets/Weapons/rifle.fbx
  artifactKey: Guid(aee06affdb6cd1f41ad6168ccdce55c0) Importer(815301076,1909f56bfc062723c751e8b465ee728b)
Start importing Assets/Assets/Weapons/rifle.fbx using Guid(aee06affdb6cd1f41ad6168ccdce55c0) Importer(815301076,1909f56bfc062723c751e8b465ee728b)  -> (artifact id: '7eb44bf466a786f542a24404b335e09a') in 0.139353 seconds 
AssetImportWorkerClient::OnTransportError - code=2 error=End of file
